================================================================================
Shannon Pentest - Workflow Log
================================================================================
Workflow ID: host-docker-internal_shannon-1773442598037
Target URL:  http://host.docker.internal:3000
Started:     2026-03-13T22:56:38.562Z
================================================================================

================================================================================
Workflow FAILED
────────────────────────────────────────
Workflow ID: host-docker-internal_shannon-1773442598037
Status:      failed
Duration:    0ms
Total Cost:  $0.0000
Agents:      0 completed
Error:       preflight failed
             ConfigurationError
             Not a git repository (no .git directory): /repos/KamriHub
             Hint: Check your CONFIG file path and contents.

Agent Breakdown:
================================================================================
